{"/Users/Mario_Brown_II/Dev/scooter-project-main/src/Scooter.js": {"path":"/Users/Mario_Brown_II/Dev/scooter-project-main/src/Scooter.js","statementMap":{"0":{"start":{"line":1,"column":13},"end":{"line":1,"column":35}},"1":{"start":{"line":2,"column":19},"end":{"line":2,"column":47}},"2":{"start":{"line":3,"column":19},"end":{"line":3,"column":47}},"3":{"start":{"line":8,"column":4},"end":{"line":8,"column":11}},"4":{"start":{"line":9,"column":4},"end":{"line":9,"column":16}},"5":{"start":{"line":10,"column":4},"end":{"line":10,"column":26}},"6":{"start":{"line":11,"column":4},"end":{"line":11,"column":25}},"7":{"start":{"line":12,"column":4},"end":{"line":12,"column":25}},"8":{"start":{"line":13,"column":4},"end":{"line":13,"column":21}},"9":{"start":{"line":14,"column":4},"end":{"line":14,"column":19}},"10":{"start":{"line":18,"column":4},"end":{"line":20,"column":5}},"11":{"start":{"line":19,"column":6},"end":{"line":19,"column":27}},"12":{"start":{"line":23,"column":4},"end":{"line":23,"column":24}},"13":{"start":{"line":24,"column":21},"end":{"line":27,"column":5}},"14":{"start":{"line":28,"column":4},"end":{"line":51,"column":5}},"15":{"start":{"line":29,"column":6},"end":{"line":35,"column":7}},"16":{"start":{"line":30,"column":8},"end":{"line":34,"column":9}},"17":{"start":{"line":31,"column":10},"end":{"line":31,"column":37}},"18":{"start":{"line":32,"column":10},"end":{"line":32,"column":35}},"19":{"start":{"line":36,"column":11},"end":{"line":51,"column":5}},"20":{"start":{"line":37,"column":6},"end":{"line":43,"column":7}},"21":{"start":{"line":38,"column":8},"end":{"line":42,"column":9}},"22":{"start":{"line":39,"column":10},"end":{"line":39,"column":37}},"23":{"start":{"line":40,"column":10},"end":{"line":40,"column":35}},"24":{"start":{"line":44,"column":10},"end":{"line":51,"column":5}},"25":{"start":{"line":45,"column":6},"end":{"line":50,"column":7}},"26":{"start":{"line":46,"column":8},"end":{"line":49,"column":9}},"27":{"start":{"line":47,"column":10},"end":{"line":47,"column":37}},"28":{"start":{"line":48,"column":10},"end":{"line":48,"column":35}},"29":{"start":{"line":52,"column":4},"end":{"line":52,"column":35}},"30":{"start":{"line":53,"column":4},"end":{"line":59,"column":5}},"31":{"start":{"line":54,"column":6},"end":{"line":54,"column":36}},"32":{"start":{"line":55,"column":11},"end":{"line":59,"column":5}},"33":{"start":{"line":56,"column":6},"end":{"line":56,"column":36}},"34":{"start":{"line":57,"column":10},"end":{"line":59,"column":5}},"35":{"start":{"line":58,"column":6},"end":{"line":58,"column":36}},"36":{"start":{"line":64,"column":15},"end":{"line":64,"column":37}},"37":{"start":{"line":65,"column":4},"end":{"line":78,"column":5}},"38":{"start":{"line":66,"column":17},"end":{"line":66,"column":36}},"39":{"start":{"line":67,"column":5},"end":{"line":67,"column":61}},"40":{"start":{"line":68,"column":10},"end":{"line":78,"column":5}},"41":{"start":{"line":69,"column":6},"end":{"line":69,"column":89}},"42":{"start":{"line":70,"column":10},"end":{"line":78,"column":5}},"43":{"start":{"line":71,"column":6},"end":{"line":71,"column":80}},"44":{"start":{"line":73,"column":6},"end":{"line":73,"column":26}},"45":{"start":{"line":74,"column":6},"end":{"line":74,"column":46}},"46":{"start":{"line":75,"column":6},"end":{"line":75,"column":44}},"47":{"start":{"line":77,"column":6},"end":{"line":77,"column":99}},"48":{"start":{"line":82,"column":4},"end":{"line":95,"column":35}},"49":{"start":{"line":83,"column":25},"end":{"line":83,"column":48}},"50":{"start":{"line":84,"column":21},"end":{"line":89,"column":8}},"51":{"start":{"line":85,"column":8},"end":{"line":88,"column":51}},"52":{"start":{"line":86,"column":10},"end":{"line":86,"column":27}},"53":{"start":{"line":87,"column":10},"end":{"line":87,"column":48}},"54":{"start":{"line":88,"column":10},"end":{"line":88,"column":35}},"55":{"start":{"line":91,"column":19},"end":{"line":91,"column":33}},"56":{"start":{"line":93,"column":6},"end":{"line":93,"column":25}},"57":{"start":{"line":95,"column":6},"end":{"line":95,"column":35}},"58":{"start":{"line":103,"column":0},"end":{"line":103,"column":24}}},"fnMap":{"0":{"name":"(anonymous_0)","decl":{"start":{"line":7,"column":2},"end":{"line":7,"column":3}},"loc":{"start":{"line":7,"column":25},"end":{"line":15,"column":3}},"line":7},"1":{"name":"(anonymous_1)","decl":{"start":{"line":17,"column":2},"end":{"line":17,"column":3}},"loc":{"start":{"line":17,"column":17},"end":{"line":21,"column":3}},"line":17},"2":{"name":"(anonymous_2)","decl":{"start":{"line":22,"column":2},"end":{"line":22,"column":3}},"loc":{"start":{"line":22,"column":26},"end":{"line":61,"column":3}},"line":22},"3":{"name":"(anonymous_3)","decl":{"start":{"line":63,"column":2},"end":{"line":63,"column":3}},"loc":{"start":{"line":63,"column":31},"end":{"line":79,"column":3}},"line":63},"4":{"name":"(anonymous_4)","decl":{"start":{"line":81,"column":2},"end":{"line":81,"column":3}},"loc":{"start":{"line":81,"column":18},"end":{"line":96,"column":3}},"line":81},"5":{"name":"(anonymous_5)","decl":{"start":{"line":84,"column":33},"end":{"line":84,"column":34}},"loc":{"start":{"line":84,"column":54},"end":{"line":89,"column":7}},"line":84},"6":{"name":"(anonymous_6)","decl":{"start":{"line":85,"column":19},"end":{"line":85,"column":20}},"loc":{"start":{"line":85,"column":25},"end":{"line":88,"column":36}},"line":85}},"branchMap":{"0":{"loc":{"start":{"line":18,"column":4},"end":{"line":20,"column":5}},"type":"if","locations":[{"start":{"line":18,"column":4},"end":{"line":20,"column":5}},{"start":{},"end":{}}],"line":18},"1":{"loc":{"start":{"line":28,"column":4},"end":{"line":51,"column":5}},"type":"if","locations":[{"start":{"line":28,"column":4},"end":{"line":51,"column":5}},{"start":{"line":36,"column":11},"end":{"line":51,"column":5}}],"line":28},"2":{"loc":{"start":{"line":30,"column":8},"end":{"line":34,"column":9}},"type":"if","locations":[{"start":{"line":30,"column":8},"end":{"line":34,"column":9}},{"start":{},"end":{}}],"line":30},"3":{"loc":{"start":{"line":36,"column":11},"end":{"line":51,"column":5}},"type":"if","locations":[{"start":{"line":36,"column":11},"end":{"line":51,"column":5}},{"start":{"line":44,"column":10},"end":{"line":51,"column":5}}],"line":36},"4":{"loc":{"start":{"line":38,"column":8},"end":{"line":42,"column":9}},"type":"if","locations":[{"start":{"line":38,"column":8},"end":{"line":42,"column":9}},{"start":{},"end":{}}],"line":38},"5":{"loc":{"start":{"line":44,"column":10},"end":{"line":51,"column":5}},"type":"if","locations":[{"start":{"line":44,"column":10},"end":{"line":51,"column":5}},{"start":{},"end":{}}],"line":44},"6":{"loc":{"start":{"line":46,"column":8},"end":{"line":49,"column":9}},"type":"if","locations":[{"start":{"line":46,"column":8},"end":{"line":49,"column":9}},{"start":{},"end":{}}],"line":46},"7":{"loc":{"start":{"line":53,"column":4},"end":{"line":59,"column":5}},"type":"if","locations":[{"start":{"line":53,"column":4},"end":{"line":59,"column":5}},{"start":{"line":55,"column":11},"end":{"line":59,"column":5}}],"line":53},"8":{"loc":{"start":{"line":55,"column":11},"end":{"line":59,"column":5}},"type":"if","locations":[{"start":{"line":55,"column":11},"end":{"line":59,"column":5}},{"start":{"line":57,"column":10},"end":{"line":59,"column":5}}],"line":55},"9":{"loc":{"start":{"line":57,"column":10},"end":{"line":59,"column":5}},"type":"if","locations":[{"start":{"line":57,"column":10},"end":{"line":59,"column":5}},{"start":{},"end":{}}],"line":57},"10":{"loc":{"start":{"line":65,"column":4},"end":{"line":78,"column":5}},"type":"if","locations":[{"start":{"line":65,"column":4},"end":{"line":78,"column":5}},{"start":{"line":68,"column":10},"end":{"line":78,"column":5}}],"line":65},"11":{"loc":{"start":{"line":68,"column":10},"end":{"line":78,"column":5}},"type":"if","locations":[{"start":{"line":68,"column":10},"end":{"line":78,"column":5}},{"start":{"line":70,"column":10},"end":{"line":78,"column":5}}],"line":68},"12":{"loc":{"start":{"line":68,"column":13},"end":{"line":68,"column":52}},"type":"binary-expr","locations":[{"start":{"line":68,"column":13},"end":{"line":68,"column":26}},{"start":{"line":68,"column":30},"end":{"line":68,"column":52}}],"line":68},"13":{"loc":{"start":{"line":70,"column":10},"end":{"line":78,"column":5}},"type":"if","locations":[{"start":{"line":70,"column":10},"end":{"line":78,"column":5}},{"start":{"line":72,"column":9},"end":{"line":78,"column":5}}],"line":70},"14":{"loc":{"start":{"line":82,"column":4},"end":{"line":95,"column":35}},"type":"if","locations":[{"start":{"line":82,"column":4},"end":{"line":95,"column":35}},{"start":{"line":95,"column":6},"end":{"line":95,"column":35}}],"line":82}},"s":{"0":3,"1":3,"2":3,"3":9,"4":9,"5":9,"6":9,"7":9,"8":9,"9":9,"10":1,"11":1,"12":3,"13":3,"14":3,"15":1,"16":1,"17":1,"18":1,"19":2,"20":1,"21":1,"22":1,"23":1,"24":1,"25":1,"26":1,"27":1,"28":1,"29":3,"30":3,"31":1,"32":2,"33":1,"34":1,"35":1,"36":2,"37":2,"38":0,"39":0,"40":2,"41":1,"42":1,"43":0,"44":1,"45":1,"46":1,"47":1,"48":2,"49":1,"50":1,"51":1,"52":1,"53":1,"54":1,"55":1,"56":1,"57":1,"58":3},"f":{"0":9,"1":1,"2":3,"3":2,"4":2,"5":1,"6":1},"b":{"0":[1,0],"1":[1,2],"2":[1,0],"3":[1,1],"4":[1,0],"5":[1,0],"6":[1,0],"7":[1,2],"8":[1,1],"9":[1,0],"10":[0,2],"11":[1,1],"12":[2,1],"13":[0,1],"14":[1,1]},"_coverageSchema":"1a1c01bbd47fc00a2c39e90264f33305004495a9","hash":"1a3962e42498c68354dfff0cf41d94c714e25a91"}
,"/Users/Mario_Brown_II/Dev/scooter-project-main/src/ScooterApp.js": {"path":"/Users/Mario_Brown_II/Dev/scooter-project-main/src/ScooterApp.js","statementMap":{"0":{"start":{"line":1,"column":13},"end":{"line":1,"column":30}},"1":{"start":{"line":2,"column":16},"end":{"line":2,"column":36}},"2":{"start":{"line":7,"column":26},"end":{"line":7,"column":28}},"3":{"start":{"line":10,"column":25},"end":{"line":10,"column":53}},"4":{"start":{"line":11,"column":4},"end":{"line":11,"column":22}},"5":{"start":{"line":12,"column":4},"end":{"line":12,"column":22}},"6":{"start":{"line":13,"column":4},"end":{"line":13,"column":22}},"7":{"start":{"line":14,"column":4},"end":{"line":14,"column":31}},"8":{"start":{"line":15,"column":4},"end":{"line":15,"column":25}},"9":{"start":{"line":18,"column":18},"end":{"line":22,"column":5}},"10":{"start":{"line":23,"column":4},"end":{"line":27,"column":5}},"11":{"start":{"line":24,"column":6},"end":{"line":26,"column":7}},"12":{"start":{"line":25,"column":8},"end":{"line":25,"column":43}},"13":{"start":{"line":28,"column":4},"end":{"line":28,"column":38}},"14":{"start":{"line":29,"column":4},"end":{"line":29,"column":46}},"15":{"start":{"line":31,"column":4},"end":{"line":31,"column":39}},"16":{"start":{"line":34,"column":4},"end":{"line":39,"column":5}},"17":{"start":{"line":34,"column":14},"end":{"line":34,"column":15}},"18":{"start":{"line":35,"column":6},"end":{"line":38,"column":7}},"19":{"start":{"line":36,"column":8},"end":{"line":36,"column":28}},"20":{"start":{"line":37,"column":8},"end":{"line":37,"column":42}},"21":{"start":{"line":40,"column":4},"end":{"line":40,"column":54}},"22":{"start":{"line":43,"column":21},"end":{"line":46,"column":5}},"23":{"start":{"line":47,"column":4},"end":{"line":53,"column":5}},"24":{"start":{"line":48,"column":6},"end":{"line":48,"column":36}},"25":{"start":{"line":49,"column":11},"end":{"line":53,"column":5}},"26":{"start":{"line":50,"column":6},"end":{"line":50,"column":36}},"27":{"start":{"line":52,"column":6},"end":{"line":52,"column":36}},"28":{"start":{"line":55,"column":2},"end":{"line":55,"column":71}},"29":{"start":{"line":58,"column":19},"end":{"line":61,"column":5}},"30":{"start":{"line":62,"column":6},"end":{"line":80,"column":7}},"31":{"start":{"line":63,"column":8},"end":{"line":67,"column":9}},"32":{"start":{"line":64,"column":10},"end":{"line":66,"column":11}},"33":{"start":{"line":65,"column":12},"end":{"line":65,"column":39}},"34":{"start":{"line":68,"column":13},"end":{"line":80,"column":7}},"35":{"start":{"line":69,"column":8},"end":{"line":73,"column":9}},"36":{"start":{"line":70,"column":10},"end":{"line":72,"column":11}},"37":{"start":{"line":71,"column":12},"end":{"line":71,"column":39}},"38":{"start":{"line":74,"column":12},"end":{"line":80,"column":7}},"39":{"start":{"line":75,"column":8},"end":{"line":79,"column":9}},"40":{"start":{"line":76,"column":10},"end":{"line":78,"column":11}},"41":{"start":{"line":77,"column":12},"end":{"line":77,"column":39}},"42":{"start":{"line":81,"column":4},"end":{"line":81,"column":60}},"43":{"start":{"line":88,"column":0},"end":{"line":88,"column":27}}},"fnMap":{"0":{"name":"(anonymous_0)","decl":{"start":{"line":9,"column":2},"end":{"line":9,"column":3}},"loc":{"start":{"line":9,"column":15},"end":{"line":16,"column":3}},"line":9},"1":{"name":"(anonymous_1)","decl":{"start":{"line":17,"column":2},"end":{"line":17,"column":3}},"loc":{"start":{"line":17,"column":36},"end":{"line":32,"column":3}},"line":17},"2":{"name":"(anonymous_2)","decl":{"start":{"line":33,"column":2},"end":{"line":33,"column":3}},"loc":{"start":{"line":33,"column":29},"end":{"line":41,"column":3}},"line":33},"3":{"name":"(anonymous_3)","decl":{"start":{"line":42,"column":2},"end":{"line":42,"column":3}},"loc":{"start":{"line":42,"column":21},"end":{"line":56,"column":3}},"line":42},"4":{"name":"(anonymous_4)","decl":{"start":{"line":57,"column":2},"end":{"line":57,"column":3}},"loc":{"start":{"line":57,"column":24},"end":{"line":82,"column":5}},"line":57}},"branchMap":{"0":{"loc":{"start":{"line":24,"column":6},"end":{"line":26,"column":7}},"type":"if","locations":[{"start":{"line":24,"column":6},"end":{"line":26,"column":7}},{"start":{},"end":{}}],"line":24},"1":{"loc":{"start":{"line":35,"column":6},"end":{"line":38,"column":7}},"type":"if","locations":[{"start":{"line":35,"column":6},"end":{"line":38,"column":7}},{"start":{},"end":{}}],"line":35},"2":{"loc":{"start":{"line":35,"column":9},"end":{"line":35,"column":105}},"type":"binary-expr","locations":[{"start":{"line":35,"column":9},"end":{"line":35,"column":55}},{"start":{"line":35,"column":59},"end":{"line":35,"column":105}}],"line":35},"3":{"loc":{"start":{"line":47,"column":4},"end":{"line":53,"column":5}},"type":"if","locations":[{"start":{"line":47,"column":4},"end":{"line":53,"column":5}},{"start":{"line":49,"column":11},"end":{"line":53,"column":5}}],"line":47},"4":{"loc":{"start":{"line":49,"column":11},"end":{"line":53,"column":5}},"type":"if","locations":[{"start":{"line":49,"column":11},"end":{"line":53,"column":5}},{"start":{"line":51,"column":9},"end":{"line":53,"column":5}}],"line":49},"5":{"loc":{"start":{"line":62,"column":6},"end":{"line":80,"column":7}},"type":"if","locations":[{"start":{"line":62,"column":6},"end":{"line":80,"column":7}},{"start":{"line":68,"column":13},"end":{"line":80,"column":7}}],"line":62},"6":{"loc":{"start":{"line":64,"column":10},"end":{"line":66,"column":11}},"type":"if","locations":[{"start":{"line":64,"column":10},"end":{"line":66,"column":11}},{"start":{},"end":{}}],"line":64},"7":{"loc":{"start":{"line":68,"column":13},"end":{"line":80,"column":7}},"type":"if","locations":[{"start":{"line":68,"column":13},"end":{"line":80,"column":7}},{"start":{"line":74,"column":12},"end":{"line":80,"column":7}}],"line":68},"8":{"loc":{"start":{"line":70,"column":10},"end":{"line":72,"column":11}},"type":"if","locations":[{"start":{"line":70,"column":10},"end":{"line":72,"column":11}},{"start":{},"end":{}}],"line":70},"9":{"loc":{"start":{"line":74,"column":12},"end":{"line":80,"column":7}},"type":"if","locations":[{"start":{"line":74,"column":12},"end":{"line":80,"column":7}},{"start":{},"end":{}}],"line":74},"10":{"loc":{"start":{"line":76,"column":10},"end":{"line":78,"column":11}},"type":"if","locations":[{"start":{"line":76,"column":10},"end":{"line":78,"column":11}},{"start":{},"end":{}}],"line":76}},"s":{"0":3,"1":3,"2":3,"3":10,"4":10,"5":10,"6":10,"7":10,"8":10,"9":2,"10":2,"11":1,"12":1,"13":1,"14":1,"15":1,"16":1,"17":1,"18":1,"19":1,"20":1,"21":0,"22":10,"23":10,"24":4,"25":6,"26":3,"27":3,"28":10,"29":3,"30":3,"31":1,"32":2,"33":1,"34":2,"35":1,"36":1,"37":1,"38":1,"39":1,"40":1,"41":1,"42":3,"43":3},"f":{"0":10,"1":2,"2":1,"3":10,"4":3},"b":{"0":[1,0],"1":[1,0],"2":[1,1],"3":[4,6],"4":[3,3],"5":[1,2],"6":[1,1],"7":[1,1],"8":[1,0],"9":[1,0],"10":[1,0]},"_coverageSchema":"1a1c01bbd47fc00a2c39e90264f33305004495a9","hash":"b051d28ddb29a29cd58d238e87481d70649ef977"}
,"/Users/Mario_Brown_II/Dev/scooter-project-main/src/User.js": {"path":"/Users/Mario_Brown_II/Dev/scooter-project-main/src/User.js","statementMap":{"0":{"start":{"line":1,"column":19},"end":{"line":1,"column":42}},"1":{"start":{"line":2,"column":16},"end":{"line":2,"column":36}},"2":{"start":{"line":7,"column":4},"end":{"line":7,"column":28}},"3":{"start":{"line":8,"column":4},"end":{"line":8,"column":28}},"4":{"start":{"line":9,"column":4},"end":{"line":9,"column":18}},"5":{"start":{"line":10,"column":4},"end":{"line":10,"column":19}},"6":{"start":{"line":11,"column":4},"end":{"line":11,"column":21}},"7":{"start":{"line":15,"column":2},"end":{"line":18,"column":26}},"8":{"start":{"line":16,"column":4},"end":{"line":16,"column":29}},"9":{"start":{"line":18,"column":4},"end":{"line":18,"column":26}},"10":{"start":{"line":24,"column":0},"end":{"line":24,"column":21}}},"fnMap":{"0":{"name":"(anonymous_0)","decl":{"start":{"line":6,"column":2},"end":{"line":6,"column":3}},"loc":{"start":{"line":6,"column":36},"end":{"line":12,"column":1}},"line":6},"1":{"name":"(anonymous_1)","decl":{"start":{"line":14,"column":0},"end":{"line":14,"column":1}},"loc":{"start":{"line":14,"column":17},"end":{"line":19,"column":1}},"line":14}},"branchMap":{"0":{"loc":{"start":{"line":15,"column":2},"end":{"line":18,"column":26}},"type":"if","locations":[{"start":{"line":15,"column":2},"end":{"line":18,"column":26}},{"start":{"line":18,"column":4},"end":{"line":18,"column":26}}],"line":15}},"s":{"0":3,"1":3,"2":2,"3":2,"4":2,"5":2,"6":2,"7":2,"8":1,"9":1,"10":3},"f":{"0":2,"1":2},"b":{"0":[1,1]},"_coverageSchema":"1a1c01bbd47fc00a2c39e90264f33305004495a9","hash":"c44a06101f29e39843cd32454d09ccddf6445cae"}
}
