TN:
SF:src/Scooter.js
FN:7,(anonymous_0)
FN:17,(anonymous_1)
FN:22,(anonymous_2)
FN:63,(anonymous_3)
FN:81,(anonymous_4)
FN:84,(anonymous_5)
FN:85,(anonymous_6)
FNF:7
FNH:7
FNDA:9,(anonymous_0)
FNDA:1,(anonymous_1)
FNDA:3,(anonymous_2)
FNDA:2,(anonymous_3)
FNDA:2,(anonymous_4)
FNDA:1,(anonymous_5)
FNDA:1,(anonymous_6)
DA:1,3
DA:2,3
DA:3,3
DA:8,9
DA:9,9
DA:10,9
DA:11,9
DA:12,9
DA:13,9
DA:14,9
DA:18,1
DA:19,1
DA:23,3
DA:24,3
DA:28,3
DA:29,1
DA:30,1
DA:31,1
DA:32,1
DA:36,2
DA:37,1
DA:38,1
DA:39,1
DA:40,1
DA:44,1
DA:45,1
DA:46,1
DA:47,1
DA:48,1
DA:52,3
DA:53,3
DA:54,1
DA:55,2
DA:56,1
DA:57,1
DA:58,1
DA:64,2
DA:65,2
DA:66,0
DA:67,0
DA:68,2
DA:69,1
DA:70,1
DA:71,0
DA:73,1
DA:74,1
DA:75,1
DA:77,1
DA:82,2
DA:83,1
DA:84,1
DA:85,1
DA:86,1
DA:87,1
DA:88,1
DA:91,1
DA:93,1
DA:95,1
DA:103,3
LF:59
LH:56
BRDA:18,0,0,1
BRDA:18,0,1,0
BRDA:28,1,0,1
BRDA:28,1,1,2
BRDA:30,2,0,1
BRDA:30,2,1,0
BRDA:36,3,0,1
BRDA:36,3,1,1
BRDA:38,4,0,1
BRDA:38,4,1,0
BRDA:44,5,0,1
BRDA:44,5,1,0
BRDA:46,6,0,1
BRDA:46,6,1,0
BRDA:53,7,0,1
BRDA:53,7,1,2
BRDA:55,8,0,1
BRDA:55,8,1,1
BRDA:57,9,0,1
BRDA:57,9,1,0
BRDA:65,10,0,0
BRDA:65,10,1,2
BRDA:68,11,0,1
BRDA:68,11,1,1
BRDA:68,12,0,2
BRDA:68,12,1,1
BRDA:70,13,0,0
BRDA:70,13,1,1
BRDA:82,14,0,1
BRDA:82,14,1,1
BRF:30
BRH:22
end_of_record
TN:
SF:src/ScooterApp.js
FN:9,(anonymous_0)
FN:17,(anonymous_1)
FN:33,(anonymous_2)
FN:42,(anonymous_3)
FN:57,(anonymous_4)
FNF:5
FNH:5
FNDA:10,(anonymous_0)
FNDA:2,(anonymous_1)
FNDA:1,(anonymous_2)
FNDA:10,(anonymous_3)
FNDA:3,(anonymous_4)
DA:1,3
DA:2,3
DA:7,3
DA:10,10
DA:11,10
DA:12,10
DA:13,10
DA:14,10
DA:15,10
DA:18,2
DA:23,2
DA:24,1
DA:25,1
DA:28,1
DA:29,1
DA:31,1
DA:34,1
DA:35,1
DA:36,1
DA:37,1
DA:40,0
DA:43,10
DA:47,10
DA:48,4
DA:49,6
DA:50,3
DA:52,3
DA:55,10
DA:58,3
DA:62,3
DA:63,1
DA:64,2
DA:65,1
DA:68,2
DA:69,1
DA:70,1
DA:71,1
DA:74,1
DA:75,1
DA:76,1
DA:77,1
DA:81,3
DA:88,3
LF:43
LH:42
BRDA:24,0,0,1
BRDA:24,0,1,0
BRDA:35,1,0,1
BRDA:35,1,1,0
BRDA:35,2,0,1
BRDA:35,2,1,1
BRDA:47,3,0,4
BRDA:47,3,1,6
BRDA:49,4,0,3
BRDA:49,4,1,3
BRDA:62,5,0,1
BRDA:62,5,1,2
BRDA:64,6,0,1
BRDA:64,6,1,1
BRDA:68,7,0,1
BRDA:68,7,1,1
BRDA:70,8,0,1
BRDA:70,8,1,0
BRDA:74,9,0,1
BRDA:74,9,1,0
BRDA:76,10,0,1
BRDA:76,10,1,0
BRF:22
BRH:17
end_of_record
TN:
SF:src/User.js
FN:6,(anonymous_0)
FN:14,(anonymous_1)
FNF:2
FNH:2
FNDA:2,(anonymous_0)
FNDA:2,(anonymous_1)
DA:1,3
DA:2,3
DA:7,2
DA:8,2
DA:9,2
DA:10,2
DA:11,2
DA:15,2
DA:16,1
DA:18,1
DA:24,3
LF:11
LH:11
BRDA:15,0,0,1
BRDA:15,0,1,1
BRF:2
BRH:2
end_of_record
